[2026-04-16 00:18:15] Sync started
[2026-04-16 00:18:15] Copied: 30-Entities/33-People/Aburizal Bakrie.md ([→])
[2026-04-16 00:18:15] Copied: 99-Templates/Trading_Journal_Template.md ([→])
[2026-04-16 00:18:16] Updated: .obsidian/app.json ([←])
[2026-04-16 00:18:16] Updated: .obsidian/appearance.json ([←])
[2026-04-16 00:18:16] Copied: .obsidian/types.json ([→])
[2026-04-16 00:18:16] Copied: .obsidian/workspace.json ([→])
[2026-04-16 00:18:16] Copied: 10-Journal/00-Portofolio.md ([→])
[2026-04-16 00:18:16] Copied: 99-Templates/Stock_Entity_Template.md ([→])
[2026-04-16 00:18:16] Copied: 99-Templates/Thesis_Template.md ([→])
[2026-04-16 00:18:16] Copied: 20-Events/2026-03-29_GDX-Gold-Miners-at-Historic-Oversold-Levels.md ([→])
[2026-04-16 00:18:16] Copied: 30-Entities/33-People/Anindya Bakrie.md ([→])
[2026-04-16 00:18:16] Copied: 30-Entities/34-Companies/Bakrie Group.md ([→])
[2026-04-16 00:18:16] Copied: 99-Templates/Macro_Research_Template.md ([→])
[2026-04-16 00:18:16] Copied: 99-Templates/YYYY-MM-DD_Event-Template.md ([→])
[2026-04-16 00:18:16] Copied: Pasted image 20260413002037.png ([→])
[2026-04-16 00:18:16] Copied: 20-Events/2026-04-14_KEPMEN-ESDM-144-HPM-Nikel-Mineral.md ([→])
[2026-04-16 00:18:16] Copied: 30-Entities/31-Stocks/BNBR.md ([→])
[2026-04-16 00:18:17] Updated: .obsidian/core-plugins.json ([←])
[2026-04-16 00:18:17] Copied: 10-Journal/2026-04-08_FundaAI-Q&A-Panel.md ([→])
[2026-04-16 00:18:17] Copied: 20-Events/2026-03-27_Pemerintah-Tunda-Pajak-Windfall-Batu-Bara-dan-Nikel.md ([→])
[2026-04-16 00:18:17] Copied: 30-Entities/32-Crypto/BTC.md ([→])
[2026-04-16 00:18:17] Copied: 99-Templates/Crypto_Entity_Template.md ([→])
[2026-04-16 00:18:17] Copied: 99-Templates/General Journal_Template.md ([→])
[2026-04-16 00:18:17] Copied: .obsidian/graph.json ([→])
[2026-04-16 00:18:17] Copied: 20-Events/2026-03-25_ENRG-Temukan-Cadangan-Minyak-Komersial-Baru.md ([→])
[2026-04-16 00:18:17] Copied: 20-Events/2026-03-25_Persetujuan-Bea-Keluar-Batu-Bara-Ditargetkan-Berlaku-1-April-2026.md ([→])
[2026-04-16 00:18:17] Copied: 30-Entities/31-Stocks/VKTR.md ([→])
[2026-04-16 00:18:17] Copied: 30-Entities/32-Crypto/ETH.md ([→])
[2026-04-16 00:18:17] Copied: .obsidian/workspace-mobile.json ([←])
[2026-04-16 00:18:17] Sync complete. 26 copied, 3 updated, 0 deleted, 0 errors.
